{
  "RSpec": {
    "coverage": {
      "C:/Users/Tanin/Documents/Ruby/flood/vendor/plugins/thumbnailism/config.rb": [
        1
      ],
      "C:/Users/Tanin/Documents/Ruby/flood/vendor/plugins/thumbnailism/mongodb/db_migration.rb": [

      ],
      "C:/Users/Tanin/Documents/Ruby/flood/vendor/plugins/thumbnailism/mongodb/temporary_file.rb": [
        1,
        1,
        1,
        null,
        1,
        1,
        null,
        null
      ],
      "C:/Users/Tanin/Documents/Ruby/flood/vendor/plugins/thumbnailism/lib/thumbnailism_helper.rb": [
        1,
        null,
        1,
        null,
        null,
        null,
        null,
        null,
        1,
        null,
        0,
        0,
        null,
        0,
        null,
        0,
        0,
        0,
        null,
        0,
        null,
        0,
        null,
        0,
        null,
        0,
        0,
        null,
        0,
        null,
        null,
        null,
        1,
        null,
        0,
        null,
        0,
        null,
        0,
        0,
        null,
        0,
        0,
        0,
        0,
        0,
        null,
        null,
        null,
        null,
        null
      ],
      "C:/Users/Tanin/Documents/Ruby/flood/vendor/plugins/thumbnailism/lib/mini_magick.rb": [
        1,
        1,
        1,
        null,
        1,
        null,
        1,
        1,
        null,
        1,
        null,
        1,
        1,
        1,
        1,
        null,
        null,
        null,
        1,
        1,
        null,
        0,
        0,
        0,
        0,
        0,
        null,
        null,
        null,
        0,
        null,
        null,
        0,
        null,
        null,
        null,
        1,
        0,
        0,
        null,
        null,
        null,
        1,
        0,
        null,
        null,
        1,
        1,
        null,
        0,
        0,
        0,
        null,
        0,
        null,
        0,
        null,
        0,
        null,
        0,
        null,
        0,
        0,
        null,
        null,
        0,
        null,
        null,
        null,
        null,
        null,
        null,
        1,
        0,
        0,
        null,
        null,
        0,
        null,
        null,
        null,
        1,
        null,
        0,
        null,
        0,
        null,
        0,
        null,
        0,
        null,
        null,
        0,
        null,
        0,
        null,
        0,
        null,
        null,
        null,
        null,
        1,
        0,
        0,
        null,
        0,
        null,
        null,
        null,
        1,
        0,
        0,
        null,
        null,
        null,
        1,
        0,
        null,
        null,
        1,
        0,
        null,
        null,
        1,
        0,
        0,
        0,
        0,
        null,
        null,
        null,
        null,
        1,
        0,
        0,
        0,
        null,
        null,
        null,
        1,
        0,
        0,
        0,
        null,
        null,
        null,
        1,
        0,
        null,
        null,
        null,
        1,
        0,
        null,
        null,
        1,
        0,
        0,
        0,
        0,
        null,
        null,
        0,
        null,
        0,
        0,
        null,
        0,
        null,
        null,
        null,
        null,
        1,
        1,
        null,
        1,
        0,
        null,
        null,
        1,
        0,
        0,
        null,
        null,
        1,
        0,
        null,
        null,
        null
      ],
      "C:/Users/Tanin/Documents/Ruby/flood/vendor/plugins/thumbnailism/lib/image_temp_file.rb": [
        1,
        null,
        1,
        1,
        null,
        null,
        null
      ],
      "C:/Users/Tanin/Documents/Ruby/flood/vendor/plugins/thumbnailism/lib/thumbnailism_helper/unique_identity.rb": [
        1,
        null,
        1,
        null,
        1,
        0,
        0,
        null,
        0,
        0,
        0,
        0,
        null,
        0,
        null,
        0,
        0,
        null,
        0,
        0,
        null,
        0,
        null,
        0,
        0,
        null,
        null,
        null,
        null,
        0,
        null,
        null,
        1,
        1,
        1,
        1,
        null,
        1,
        null,
        1,
        1,
        1,
        null,
        null,
        null,
        null,
        null,
        null,
        null
      ],
      "C:/Users/Tanin/Documents/Ruby/flood/vendor/plugins/thumbnailism/lib/mini_magick_init.rb": [
        1,
        1
      ],
      "C:/Users/Tanin/Documents/Ruby/flood/vendor/plugins/thumbnailism/lib/temporary_file_controller.rb": [
        1,
        null,
        1,
        1,
        1,
        null,
        1,
        null,
        null,
        null,
        0,
        0,
        0,
        null,
        null,
        0,
        0,
        0,
        null,
        null,
        0,
        null,
        0,
        null,
        0,
        0,
        null,
        null,
        null,
        null,
        null,
        0,
        0,
        null,
        null,
        null,
        0,
        null,
        null,
        null,
        null,
        null,
        0,
        0,
        null,
        null,
        null,
        null,
        0,
        null,
        0,
        null,
        null,
        null,
        null,
        null,
        1,
        null,
        0,
        0,
        null,
        null,
        null,
        1,
        null,
        0,
        0,
        null,
        null,
        null,
        null,
        null,
        null
      ],
      "C:/Users/Tanin/Documents/Ruby/flood/vendor/plugins/thumbnailism/lib/temporary_file_helper.rb": [
        1,
        1,
        null,
        1,
        null,
        0,
        null,
        0,
        0,
        null,
        0,
        null,
        0,
        0,
        0,
        0,
        null,
        null,
        0,
        null,
        null,
        null,
        null,
        1,
        1,
        null,
        0,
        null,
        0,
        null,
        0,
        0,
        null,
        null,
        0,
        0,
        0,
        0,
        null,
        0,
        0,
        null,
        0,
        null,
        0,
        null,
        0,
        0,
        0,
        null,
        null,
        0,
        null,
        0,
        0,
        null,
        null,
        null,
        null,
        null,
        null,
        0,
        0,
        null,
        0,
        null,
        0,
        null,
        0,
        0,
        null,
        0,
        null,
        null,
        null,
        null,
        null,
        null,
        null
      ],
      "C:/Users/Tanin/Documents/Ruby/flood/app/controllers/about_controller.rb": [
        1,
        null,
        null
      ],
      "C:/Users/Tanin/Documents/Ruby/flood/app/controllers/application_controller.rb": [
        null,
        null,
        null,
        1,
        1,
        null,
        1,
        1,
        null,
        null,
        null,
        null,
        1,
        null,
        1,
        1,
        null,
        1,
        1,
        null,
        27,
        null,
        27,
        12,
        null,
        null,
        null,
        null,
        1,
        27,
        null,
        null,
        1,
        27,
        null,
        null,
        1,
        27,
        null,
        null,
        1,
        27,
        27,
        null,
        null,
        1,
        27,
        null,
        null,
        1,
        null,
        27,
        3,
        3,
        null,
        null,
        null,
        null
      ],
      "C:/Users/Tanin/Documents/Ruby/flood/app/helpers/application_helper.rb": [
        null,
        1,
        1,
        null,
        1,
        null,
        2,
        0,
        null,
        null,
        2,
        2,
        null,
        2,
        2,
        null,
        0,
        null,
        null,
        null,
        null,
        null,
        1,
        null,
        0,
        0,
        null,
        0,
        null,
        0,
        0,
        0,
        null,
        null,
        0,
        null,
        0,
        null,
        null,
        0,
        0,
        null,
        null,
        null,
        1,
        null,
        0,
        0,
        0,
        0,
        null,
        0,
        null,
        null,
        null,
        null
      ],
      "C:/Users/Tanin/Documents/Ruby/flood/app/helpers/about_helper.rb": [
        1,
        null
      ],
      "C:/Users/Tanin/Documents/Ruby/flood/app/helpers/help_helper.rb": [
        1,
        null
      ],
      "C:/Users/Tanin/Documents/Ruby/flood/app/helpers/home_helper.rb": [
        1,
        null
      ],
      "C:/Users/Tanin/Documents/Ruby/flood/app/controllers/activate_whowish_word_controller.rb": [
        1,
        null,
        1,
        null,
        0,
        0,
        0,
        null,
        0,
        null,
        null,
        null,
        0,
        null,
        null,
        null
      ],
      "C:/Users/Tanin/Documents/Ruby/flood/app/controllers/facebook_controller.rb": [
        1,
        null,
        null,
        null,
        1,
        null,
        0,
        null,
        0,
        null,
        0,
        0,
        null,
        null,
        null,
        null,
        0,
        null,
        0,
        0,
        0,
        null,
        null,
        0,
        0,
        0,
        null,
        0,
        null,
        0,
        null,
        0,
        null,
        null,
        0,
        0,
        null,
        null,
        null,
        null
      ],
      "C:/Users/Tanin/Documents/Ruby/flood/app/controllers/help_controller.rb": [
        1,
        null
      ],
      "C:/Users/Tanin/Documents/Ruby/flood/app/controllers/home_controller.rb": [
        1,
        null,
        1,
        null,
        2,
        null,
        2,
        1,
        1,
        null,
        null,
        1,
        0,
        null,
        null,
        1,
        0,
        null,
        null,
        null,
        null,
        2,
        2,
        1,
        null,
        null,
        null,
        null,
        1,
        0,
        0,
        null,
        0,
        0,
        null,
        0,
        0,
        null,
        null,
        null,
        null
      ],
      "C:/Users/Tanin/Documents/Ruby/flood/app/controllers/logout_controller.rb": [
        1,
        null,
        1,
        0,
        null,
        0,
        null,
        null,
        null
      ],
      "C:/Users/Tanin/Documents/Ruby/flood/app/controllers/post_controller.rb": [
        null,
        1,
        null,
        1,
        1,
        null,
        1,
        null,
        2,
        2,
        null,
        2,
        null,
        2,
        2,
        null,
        2,
        2,
        null,
        2,
        2,
        null,
        2,
        null,
        null,
        2,
        null,
        2,
        null,
        2,
        null,
        0,
        null,
        null,
        null,
        2,
        2,
        null,
        2,
        null,
        null,
        2,
        null,
        2,
        0,
        null,
        null,
        null,
        null,
        2,
        null,
        2,
        null,
        5,
        5,
        5,
        null,
        5,
        null,
        null,
        null,
        5,
        null,
        null,
        null,
        null,
        2,
        null,
        2,
        null,
        null,
        0,
        null,
        null,
        null,
        1,
        null,
        3,
        3,
        null,
        3,
        null,
        3,
        3,
        null,
        3,
        3,
        null,
        3,
        null,
        3,
        null,
        3,
        null,
        3,
        3,
        null,
        5,
        null,
        5,
        1,
        null,
        0,
        null,
        4,
        null,
        null,
        5,
        null,
        5,
        null,
        null,
        8,
        null,
        null,
        3,
        3,
        3,
        3,
        null,
        3,
        3,
        3,
        null,
        3,
        null,
        3,
        3,
        null,
        3,
        null,
        3,
        3,
        null,
        null,
        null,
        3,
        0,
        0,
        null,
        null,
        0,
        0,
        0,
        null,
        null,
        null,
        1,
        null,
        0,
        0,
        null,
        0,
        0,
        0,
        null,
        null,
        0,
        null,
        null,
        null,
        null,
        1,
        null,
        9,
        null,
        9,
        null,
        null,
        null,
        null,
        null,
        null,
        null,
        null,
        null,
        9,
        null,
        null,
        0,
        null,
        null,
        null,
        1,
        null,
        7,
        null,
        7,
        null,
        7,
        null,
        6,
        6,
        null,
        0,
        null,
        null,
        1,
        1,
        null,
        0,
        null,
        null,
        null,
        null,
        null,
        1,
        null,
        2,
        2,
        null,
        1,
        1,
        null,
        null,
        1,
        null,
        null,
        null,
        1,
        null,
        0,
        0,
        null,
        null,
        null,
        null,
        1,
        null,
        2,
        null,
        2,
        null,
        null,
        1,
        null,
        null,
        null,
        1,
        null,
        1,
        null,
        null,
        null,
        null,
        null,
        null
      ],
      "C:/Users/Tanin/Documents/Ruby/flood/app/models/checked_instagram.rb": [
        1,
        1,
        1,
        null,
        1,
        null,
        null
      ],
      "C:/Users/Tanin/Documents/Ruby/flood/app/models/checked_twitter.rb": [
        1,
        1,
        1,
        null,
        1,
        null,
        null
      ],
      "C:/Users/Tanin/Documents/Ruby/flood/app/models/facebook_member.rb": [
        1,
        null,
        1,
        null,
        1,
        null,
        1,
        null,
        1,
        0,
        null,
        null,
        1,
        1,
        25,
        null,
        null,
        null
      ],
      "C:/Users/Tanin/Documents/Ruby/flood/app/models/member.rb": [
        1,
        1,
        1,
        1,
        null,
        1,
        1,
        null,
        1,
        4,
        1,
        null,
        1,
        null,
        1,
        27,
        null,
        8,
        null,
        null,
        null,
        1,
        15,
        null,
        null,
        null,
        1,
        null,
        0,
        null,
        null,
        0,
        0,
        null,
        null,
        0,
        0,
        null,
        null,
        0,
        null,
        null,
        null,
        null
      ],
      "C:/Users/Tanin/Documents/Ruby/flood/app/models/user.rb": [
        1,
        null,
        1,
        null,
        null,
        null,
        1,
        0,
        null,
        null,
        1,
        0,
        null,
        null,
        null
      ],
      "C:/Users/Tanin/Documents/Ruby/flood/lib/unique_identity.rb": [
        1,
        null,
        1,
        null,
        216,
        216,
        null,
        216,
        216,
        216,
        216,
        null,
        422,
        null,
        422,
        4642,
        null,
        422,
        422,
        null,
        422,
        null,
        206,
        206,
        0,
        null,
        null,
        null,
        null,
        216,
        null,
        null,
        1,
        6,
        6,
        6,
        null,
        6,
        null,
        6,
        6,
        6,
        null,
        null,
        null,
        null
      ],
      "C:/Users/Tanin/Documents/Ruby/flood/lib/member_cookies.rb": [
        1,
        null,
        1,
        null,
        null,
        1,
        2,
        null,
        2,
        null,
        2,
        118,
        null,
        null,
        null,
        null,
        null,
        1,
        0,
        null,
        0,
        0,
        null,
        0,
        null,
        null,
        0,
        null,
        0,
        0,
        null,
        null,
        null,
        1,
        null,
        null,
        1,
        8,
        8,
        null,
        8,
        8,
        null,
        null,
        null,
        1,
        38,
        38,
        null,
        null,
        null,
        1,
        19,
        null,
        null,
        null,
        1,
        null,
        null,
        27,
        null,
        0,
        0,
        null,
        null,
        null,
        27,
        27,
        null,
        19,
        null,
        19,
        null,
        null,
        8,
        8,
        null,
        null,
        null,
        null,
        null,
        null
      ],
      "C:/Users/Tanin/Documents/Ruby/flood/app/models/guest.rb": [
        1,
        null,
        1,
        1,
        null,
        null,
        1,
        0,
        null,
        null,
        1,
        0,
        null,
        null,
        1,
        0,
        null,
        null,
        null,
        1,
        0,
        null,
        null,
        null
      ],
      "C:/Users/Tanin/Documents/Ruby/flood/app/models/instagram_member.rb": [
        1,
        null,
        1,
        null,
        1,
        null,
        1,
        null,
        1,
        0,
        null,
        null,
        1,
        1,
        20,
        null,
        null,
        null
      ],
      "C:/Users/Tanin/Documents/Ruby/flood/app/models/post.rb": [
        1,
        1,
        1,
        1,
        null,
        1,
        1,
        1,
        null,
        1,
        1,
        1,
        null,
        1,
        null,
        1,
        1,
        1,
        1,
        1,
        null,
        1,
        1,
        null,
        1,
        1,
        1,
        1,
        null,
        1,
        null,
        35,
        null,
        1,
        1,
        1,
        null,
        1,
        1,
        1,
        1,
        1,
        null,
        1,
        4,
        null,
        null,
        null,
        1,
        0,
        0,
        0,
        0,
        null,
        0,
        null,
        null,
        null,
        null,
        1,
        null,
        null,
        92,
        null,
        null,
        null,
        1,
        7,
        null,
        null,
        1,
        0,
        null,
        null,
        1,
        1,
        88,
        48,
        48,
        null,
        40,
        40,
        null,
        null,
        null,
        null,
        1,
        null,
        1,
        null,
        1,
        0,
        0,
        null,
        1,
        1,
        null,
        null,
        null,
        null,
        1,
        null,
        89,
        89,
        null,
        89,
        null,
        null,
        null,
        null,
        1,
        88,
        88,
        null,
        null,
        null,
        1,
        null,
        1,
        null,
        1,
        1,
        null,
        1,
        null,
        null,
        null,
        null,
        1,
        null,
        1,
        1,
        null,
        1,
        1,
        null,
        0,
        null,
        null,
        null,
        null,
        null,
        null,
        null,
        1,
        null,
        89,
        89,
        null,
        89,
        null,
        89,
        69,
        null,
        null,
        null,
        null,
        89,
        null,
        null,
        null,
        null,
        1,
        89,
        null,
        88,
        0,
        null,
        null,
        88,
        88,
        null,
        3,
        3,
        null,
        3,
        null,
        null,
        3,
        null,
        null,
        null,
        null,
        null
      ],
      "C:/Users/Tanin/Documents/Ruby/flood/lib/agreeable.rb": [
        null,
        1,
        null,
        null,
        null,
        null,
        null,
        null,
        null,
        null,
        null,
        null,
        null,
        null,
        null,
        null,
        null,
        1,
        1,
        null,
        1,
        2,
        null,
        2,
        2,
        null,
        null,
        null,
        null,
        null,
        null,
        1,
        null,
        7,
        null,
        6,
        null,
        3,
        null,
        3,
        null,
        0,
        null,
        null,
        null,
        null,
        null,
        null,
        1,
        null,
        3,
        null,
        3,
        null,
        3,
        null,
        null,
        null,
        null,
        1,
        1,
        null,
        1,
        1,
        null,
        1,
        null,
        null,
        null,
        2,
        null,
        2,
        null,
        2,
        null,
        null,
        null,
        3,
        null,
        null,
        1,
        null,
        3,
        null,
        3,
        3,
        null,
        null,
        null,
        1,
        1,
        null,
        1,
        1,
        null,
        1,
        null,
        null,
        null,
        null,
        null,
        2,
        null,
        2,
        null,
        2,
        null,
        null,
        null,
        3,
        null,
        null,
        1,
        0,
        null,
        null,
        0,
        0,
        null,
        null,
        0,
        null,
        0,
        null,
        0,
        null,
        null,
        null,
        0,
        null,
        0,
        null,
        0,
        null,
        null,
        null,
        null,
        null,
        0,
        null,
        null,
        null,
        1,
        null,
        4,
        4,
        null,
        null,
        null,
        null,
        1,
        1,
        10,
        null,
        null,
        1,
        4,
        null,
        null,
        1,
        4,
        null,
        null,
        null
      ],
      "C:/Users/Tanin/Documents/Ruby/flood/app/models/post_group.rb": [
        1,
        1,
        1,
        null,
        1,
        1,
        1,
        1,
        70,
        1,
        null,
        null,
        null,
        null,
        1,
        null,
        null,
        null,
        null,
        null,
        1,
        null,
        1,
        null,
        null,
        1,
        1,
        1,
        1,
        null,
        null,
        1,
        null,
        192,
        null,
        null,
        null,
        192,
        null,
        null,
        null,
        null,
        1,
        3,
        null,
        null,
        null,
        1,
        null,
        89,
        null,
        null,
        null,
        null,
        89,
        null,
        89,
        null,
        89,
        null,
        89,
        7,
        null,
        null,
        null,
        null,
        89,
        89,
        89,
        89,
        null,
        0,
        null,
        null,
        null,
        null,
        1,
        null,
        1,
        1,
        69,
        null,
        null,
        null
      ],
      "C:/Users/Tanin/Documents/Ruby/flood/app/models/score_per_day.rb": [
        1,
        1,
        null,
        1,
        1,
        1,
        null,
        null,
        null,
        null,
        1,
        null,
        null,
        null,
        null,
        1,
        null,
        1,
        null,
        95,
        4,
        null,
        null,
        95,
        null,
        null,
        null,
        null,
        null,
        1,
        null,
        89,
        89,
        null,
        null,
        89,
        null,
        89,
        50,
        null,
        50,
        null,
        50,
        0,
        null,
        null,
        null,
        null,
        89,
        null,
        null,
        null,
        null
      ],
      "C:/Users/Tanin/Documents/Ruby/flood/app/models/twitter_member.rb": [
        1,
        null,
        1,
        null,
        1,
        null,
        1,
        null,
        null,
        1,
        0,
        null,
        null,
        null,
        1,
        1,
        11,
        null,
        null,
        null
      ],
      "C:/Users/Tanin/Documents/Ruby/flood/lib/thai_flood.rb": [
        null,
        1,
        1,
        1,
        1,
        1,
        null,
        1,
        1,
        1,
        null,
        1,
        null,
        null,
        1,
        1,
        null,
        1,
        0,
        null,
        1,
        null,
        null,
        1,
        null,
        0,
        null,
        0,
        null,
        0,
        null,
        0,
        null,
        0,
        null,
        0,
        null,
        0,
        null,
        0,
        null,
        0,
        0,
        0,
        null,
        0,
        null,
        null,
        0,
        null,
        null,
        null,
        0,
        null,
        null,
        null,
        0,
        null,
        null,
        0,
        0,
        null,
        0,
        null,
        null,
        null,
        null,
        null,
        null,
        null,
        null,
        1,
        0,
        null,
        null,
        null,
        1,
        0,
        0,
        0,
        0,
        null,
        null,
        null,
        null,
        null,
        1,
        null,
        0,
        0,
        null,
        0,
        0,
        0,
        null,
        null,
        0,
        null,
        0,
        null,
        null,
        null,
        null,
        1,
        null,
        75,
        null,
        null,
        null,
        null,
        null,
        null,
        null,
        null,
        null,
        null,
        null,
        null,
        null,
        null,
        null,
        null,
        null,
        null,
        null,
        null,
        null,
        null,
        null,
        null,
        null,
        null,
        null,
        null,
        null,
        null,
        null,
        null,
        null,
        null,
        null,
        null,
        null,
        null,
        75,
        1876,
        null,
        null,
        null,
        null,
        null,
        null,
        1,
        2,
        2,
        2,
        null,
        null,
        2,
        null,
        null,
        1,
        null,
        440,
        860,
        853,
        null,
        7,
        null,
        null,
        null,
        433,
        null,
        null,
        null,
        null,
        null,
        1,
        null
      ],
      "C:/Users/Tanin/Documents/Ruby/flood/lib/thai_flood/thai_flood_reporter.rb": [
        null,
        null,
        1,
        null,
        1,
        null,
        1,
        null,
        1,
        null,
        1,
        null,
        1,
        null,
        4,
        null,
        null,
        null,
        null,
        null,
        null,
        4,
        4,
        20,
        null,
        null,
        4,
        4,
        null,
        null,
        null,
        null,
        1,
        5,
        null,
        5,
        5,
        null,
        0,
        null,
        null,
        5,
        null,
        null,
        null,
        1,
        null,
        14,
        14,
        null,
        9,
        8,
        8,
        8,
        null,
        24,
        null,
        8,
        null,
        null,
        8,
        null,
        8,
        7,
        null,
        null,
        null,
        8,
        null,
        null,
        null,
        8,
        null,
        null,
        null,
        null,
        null,
        null,
        8,
        null,
        null,
        null,
        2,
        null,
        null,
        null,
        1,
        null,
        8,
        null,
        8,
        null,
        8,
        8,
        null,
        0,
        null,
        null,
        null,
        null,
        null,
        1,
        null,
        8,
        null,
        8,
        null,
        8,
        null,
        null,
        null,
        null,
        1,
        null,
        8,
        8,
        8,
        8,
        null,
        null,
        8,
        null,
        null,
        null,
        null,
        null,
        null,
        null,
        null
      ],
      "C:/Users/Tanin/Documents/Ruby/flood/lib/thai_flood/abstract.rb": [
        1,
        null,
        1,
        1,
        null,
        1,
        0,
        null,
        null,
        1,
        0,
        null,
        null,
        1,
        0,
        null,
        null,
        null,
        null,
        null
      ],
      "C:/Users/Tanin/Documents/Ruby/flood/lib/thai_flood/gamling_twitter.rb": [
        null,
        1,
        null,
        1,
        null,
        1,
        null,
        1,
        null,
        1,
        null,
        1,
        null,
        1,
        null,
        5,
        null,
        null,
        null,
        null,
        null,
        null,
        5,
        5,
        25,
        null,
        null,
        5,
        5,
        null,
        null,
        null,
        null,
        1,
        6,
        null,
        6,
        6,
        null,
        0,
        null,
        null,
        6,
        null,
        null,
        null,
        1,
        null,
        11,
        null,
        10,
        null,
        10,
        10,
        9,
        null,
        9,
        null,
        9,
        9,
        null,
        9,
        9,
        null,
        null,
        null,
        null,
        null,
        10,
        null,
        20,
        10,
        null,
        14,
        null,
        7,
        null,
        7,
        4,
        null,
        null,
        null,
        7,
        null,
        null,
        null,
        null,
        null,
        null,
        null,
        null,
        null,
        null,
        null,
        7,
        null,
        null,
        null,
        null,
        null,
        null,
        null,
        null,
        null,
        null,
        null,
        null
      ],
      "C:/Users/Tanin/Documents/Ruby/flood/lib/thai_flood/instagram.rb": [
        null,
        null,
        1,
        null,
        1,
        null,
        1,
        null,
        1,
        null,
        1,
        null,
        1,
        null,
        2,
        null,
        null,
        null,
        2,
        2,
        null,
        null,
        null,
        null,
        1,
        null,
        null,
        5,
        null,
        null,
        null,
        5,
        5,
        null,
        0,
        0,
        null,
        null,
        5,
        null,
        null,
        null,
        null,
        1,
        null,
        63,
        57,
        57,
        57,
        57,
        57,
        null,
        57,
        null,
        57,
        null,
        57,
        null,
        null,
        null,
        39,
        null,
        39,
        20,
        null,
        null,
        null,
        null,
        39,
        null,
        null,
        39,
        null,
        null,
        null,
        null,
        null,
        null,
        null,
        null,
        null,
        39,
        null,
        null,
        null,
        null,
        null,
        null,
        null,
        null,
        null,
        null,
        null,
        null
      ],
      "C:/Users/Tanin/Documents/Ruby/flood/lib/twitter_image_url_resolver.rb": [
        2,
        null,
        1,
        null,
        1,
        null,
        1,
        12,
        24,
        null,
        12,
        null,
        null,
        null,
        null,
        null,
        null,
        1,
        null,
        null
      ],
      "C:/Users/Tanin/Documents/Ruby/flood/lib/twitter_image_url_resolver/y_frog.rb": [
        1,
        null,
        1,
        null,
        1,
        null,
        1,
        12,
        null,
        null,
        1,
        3,
        null,
        null,
        null,
        null,
        null,
        null,
        null
      ],
      "C:/Users/Tanin/Documents/Ruby/flood/lib/twitter_image_url_resolver/base.rb": [
        1,
        1,
        null,
        1,
        1,
        0,
        null,
        null,
        1,
        0,
        null,
        null,
        null,
        null,
        null
      ],
      "C:/Users/Tanin/Documents/Ruby/flood/lib/twitter_image_url_resolver/twitgoo.rb": [
        1,
        null,
        1,
        null,
        1,
        null,
        1,
        9,
        null,
        null,
        1,
        6,
        null,
        null,
        null,
        null,
        null,
        null,
        null
      ],
      "C:/Users/Tanin/Documents/Ruby/flood/lib/twitter_image_url_resolver/lockerz.rb": [
        1,
        null,
        1,
        null,
        1,
        null,
        1,
        3,
        6,
        null,
        null,
        1,
        3,
        null,
        null,
        null,
        null,
        null,
        null,
        null
      ]
    },
    "timestamp": 1320700129
  },
  "magazine_slave_provider.rb 2 C:/Users/Tanin/Documents/Ruby/flood RSpec": {
    "coverage": {
      "C:/Users/Tanin/Documents/Ruby/flood/vendor/plugins/thumbnailism/config.rb": [
        1
      ],
      "C:/Users/Tanin/Documents/Ruby/flood/vendor/plugins/thumbnailism/mongodb/db_migration.rb": [

      ],
      "C:/Users/Tanin/Documents/Ruby/flood/vendor/plugins/thumbnailism/mongodb/temporary_file.rb": [
        1,
        1,
        1,
        null,
        1,
        1,
        null,
        null
      ],
      "C:/Users/Tanin/Documents/Ruby/flood/vendor/plugins/thumbnailism/lib/thumbnailism_helper.rb": [
        1,
        null,
        1,
        null,
        null,
        null,
        null,
        null,
        1,
        null,
        0,
        0,
        null,
        0,
        null,
        0,
        0,
        0,
        null,
        0,
        null,
        0,
        null,
        0,
        null,
        0,
        0,
        null,
        0,
        null,
        null,
        null,
        1,
        null,
        0,
        null,
        0,
        null,
        0,
        0,
        null,
        0,
        0,
        0,
        0,
        0,
        null,
        null,
        null,
        null,
        null
      ],
      "C:/Users/Tanin/Documents/Ruby/flood/vendor/plugins/thumbnailism/lib/mini_magick.rb": [
        1,
        1,
        1,
        null,
        1,
        null,
        1,
        1,
        null,
        1,
        null,
        1,
        1,
        1,
        1,
        null,
        null,
        null,
        1,
        1,
        null,
        0,
        0,
        0,
        0,
        0,
        null,
        null,
        null,
        0,
        null,
        null,
        0,
        null,
        null,
        null,
        1,
        0,
        0,
        null,
        null,
        null,
        1,
        0,
        null,
        null,
        1,
        1,
        null,
        0,
        0,
        0,
        null,
        0,
        null,
        0,
        null,
        0,
        null,
        0,
        null,
        0,
        0,
        null,
        null,
        0,
        null,
        null,
        null,
        null,
        null,
        null,
        1,
        0,
        0,
        null,
        null,
        0,
        null,
        null,
        null,
        1,
        null,
        0,
        null,
        0,
        null,
        0,
        null,
        0,
        null,
        null,
        0,
        null,
        0,
        null,
        0,
        null,
        null,
        null,
        null,
        1,
        0,
        0,
        null,
        0,
        null,
        null,
        null,
        1,
        0,
        0,
        null,
        null,
        null,
        1,
        0,
        null,
        null,
        1,
        0,
        null,
        null,
        1,
        0,
        0,
        0,
        0,
        null,
        null,
        null,
        null,
        1,
        0,
        0,
        0,
        null,
        null,
        null,
        1,
        0,
        0,
        0,
        null,
        null,
        null,
        1,
        0,
        null,
        null,
        null,
        1,
        0,
        null,
        null,
        1,
        0,
        0,
        0,
        0,
        null,
        null,
        0,
        null,
        0,
        0,
        null,
        0,
        null,
        null,
        null,
        null,
        1,
        1,
        null,
        1,
        0,
        null,
        null,
        1,
        0,
        0,
        null,
        null,
        1,
        0,
        null,
        null,
        null
      ],
      "C:/Users/Tanin/Documents/Ruby/flood/vendor/plugins/thumbnailism/lib/image_temp_file.rb": [
        1,
        null,
        1,
        1,
        null,
        null,
        null
      ],
      "C:/Users/Tanin/Documents/Ruby/flood/vendor/plugins/thumbnailism/lib/thumbnailism_helper/unique_identity.rb": [
        1,
        null,
        1,
        null,
        1,
        0,
        0,
        null,
        0,
        0,
        0,
        0,
        null,
        0,
        null,
        0,
        0,
        null,
        0,
        0,
        null,
        0,
        null,
        0,
        0,
        null,
        null,
        null,
        null,
        0,
        null,
        null,
        1,
        1,
        1,
        1,
        null,
        1,
        null,
        1,
        1,
        1,
        null,
        null,
        null,
        null,
        null,
        null,
        null
      ],
      "C:/Users/Tanin/Documents/Ruby/flood/vendor/plugins/thumbnailism/lib/mini_magick_init.rb": [
        1,
        1
      ],
      "C:/Users/Tanin/Documents/Ruby/flood/vendor/plugins/thumbnailism/lib/temporary_file_controller.rb": [
        1,
        null,
        1,
        1,
        1,
        null,
        1,
        null,
        null,
        null,
        0,
        0,
        0,
        null,
        null,
        0,
        0,
        0,
        null,
        null,
        0,
        null,
        0,
        null,
        0,
        0,
        null,
        null,
        null,
        null,
        null,
        0,
        0,
        null,
        null,
        null,
        0,
        null,
        null,
        null,
        null,
        null,
        0,
        0,
        null,
        null,
        null,
        null,
        0,
        null,
        0,
        null,
        null,
        null,
        null,
        null,
        1,
        null,
        0,
        0,
        null,
        null,
        null,
        1,
        null,
        0,
        0,
        null,
        null,
        null,
        null,
        null,
        null
      ],
      "C:/Users/Tanin/Documents/Ruby/flood/vendor/plugins/thumbnailism/lib/temporary_file_helper.rb": [
        1,
        1,
        null,
        1,
        null,
        0,
        null,
        0,
        0,
        null,
        0,
        null,
        0,
        0,
        0,
        0,
        null,
        null,
        0,
        null,
        null,
        null,
        null,
        1,
        1,
        null,
        0,
        null,
        0,
        null,
        0,
        0,
        null,
        null,
        0,
        0,
        0,
        0,
        null,
        0,
        0,
        null,
        0,
        null,
        0,
        null,
        0,
        0,
        0,
        null,
        null,
        0,
        null,
        0,
        0,
        null,
        null,
        null,
        null,
        null,
        null,
        0,
        0,
        null,
        0,
        null,
        0,
        null,
        0,
        0,
        null,
        0,
        null,
        null,
        null,
        null,
        null,
        null,
        null
      ],
      "C:/Users/Tanin/Documents/Ruby/flood/app/helpers/about_helper.rb": [
        1,
        null
      ],
      "C:/Users/Tanin/Documents/Ruby/flood/app/helpers/application_helper.rb": [
        null,
        1,
        1,
        null,
        1,
        null,
        0,
        0,
        null,
        null,
        0,
        0,
        null,
        0,
        0,
        null,
        0,
        null,
        null,
        null,
        null,
        null,
        1,
        null,
        0,
        0,
        null,
        0,
        null,
        0,
        0,
        0,
        null,
        null,
        0,
        null,
        0,
        null,
        null,
        0,
        0,
        null,
        null,
        null,
        1,
        null,
        0,
        0,
        0,
        0,
        null,
        0,
        null,
        null,
        null,
        null
      ],
      "C:/Users/Tanin/Documents/Ruby/flood/app/helpers/help_helper.rb": [
        1,
        null
      ],
      "C:/Users/Tanin/Documents/Ruby/flood/app/helpers/home_helper.rb": [
        1,
        null
      ],
      "C:/Users/Tanin/Documents/Ruby/flood/app/controllers/about_controller.rb": [
        1,
        null,
        null
      ],
      "C:/Users/Tanin/Documents/Ruby/flood/app/controllers/application_controller.rb": [
        null,
        null,
        null,
        1,
        1,
        null,
        1,
        1,
        null,
        null,
        null,
        null,
        1,
        null,
        1,
        1,
        null,
        1,
        1,
        0,
        null,
        0,
        null,
        0,
        0,
        null,
        null,
        null,
        null,
        0,
        0,
        0,
        null,
        0,
        null,
        null,
        null,
        1,
        null,
        0,
        null,
        0,
        0,
        null,
        null,
        null,
        null,
        1,
        0,
        null,
        null,
        1,
        0,
        null,
        null,
        1,
        0,
        null,
        null,
        1,
        0,
        0,
        null,
        null,
        1,
        0,
        null,
        null,
        1,
        null,
        0,
        0,
        0,
        null,
        null,
        null,
        null
      ],
      "C:/Users/Tanin/Documents/Ruby/flood/app/controllers/activate_whowish_word_controller.rb": [
        1,
        null,
        1,
        null,
        0,
        0,
        0,
        null,
        0,
        null,
        null,
        null,
        0,
        null,
        null,
        null
      ],
      "C:/Users/Tanin/Documents/Ruby/flood/app/controllers/facebook_controller.rb": [
        1,
        null,
        null,
        null,
        1,
        null,
        0,
        null,
        0,
        null,
        0,
        0,
        null,
        null,
        null,
        null,
        0,
        null,
        0,
        0,
        0,
        null,
        null,
        0,
        0,
        null,
        null,
        0,
        null,
        0,
        null,
        null,
        0,
        0,
        null,
        null,
        null,
        null
      ],
      "C:/Users/Tanin/Documents/Ruby/flood/app/controllers/help_controller.rb": [
        1,
        null
      ],
      "C:/Users/Tanin/Documents/Ruby/flood/app/controllers/home_controller.rb": [
        1,
        null,
        1,
        null,
        0,
        null,
        0,
        0,
        0,
        null,
        null,
        0,
        0,
        null,
        null,
        0,
        0,
        null,
        null,
        null,
        null,
        0,
        0,
        0,
        null,
        null,
        null,
        null,
        1,
        0,
        0,
        null,
        0,
        0,
        null,
        0,
        0,
        null,
        null,
        null,
        null
      ],
      "C:/Users/Tanin/Documents/Ruby/flood/app/controllers/logout_controller.rb": [
        1,
        null,
        1,
        0,
        null,
        0,
        null,
        null,
        null
      ],
      "C:/Users/Tanin/Documents/Ruby/flood/app/controllers/post_controller.rb": [
        null,
        1,
        null,
        1,
        1,
        null,
        1,
        null,
        0,
        0,
        null,
        0,
        null,
        0,
        0,
        null,
        0,
        0,
        null,
        0,
        0,
        null,
        0,
        null,
        null,
        0,
        null,
        0,
        null,
        0,
        null,
        0,
        null,
        null,
        null,
        0,
        0,
        null,
        0,
        null,
        null,
        0,
        null,
        0,
        0,
        null,
        null,
        null,
        null,
        0,
        null,
        0,
        null,
        0,
        0,
        0,
        null,
        0,
        null,
        null,
        null,
        0,
        null,
        0,
        null,
        null,
        null,
        0,
        null,
        0,
        null,
        null,
        0,
        null,
        null,
        null,
        1,
        null,
        0,
        0,
        0,
        null,
        0,
        null,
        0,
        null,
        0,
        0,
        0,
        0,
        0,
        0,
        null,
        null,
        0,
        null,
        0,
        null,
        null,
        0,
        null,
        0,
        null,
        0,
        0,
        0,
        null,
        0,
        0,
        null,
        null,
        null,
        0,
        0,
        0,
        null,
        0,
        null,
        0,
        0,
        0,
        null,
        null,
        0,
        null,
        null,
        null,
        0,
        0,
        null,
        0,
        null,
        0,
        null,
        0,
        0,
        null,
        0,
        null,
        0,
        null,
        null,
        0,
        null,
        0,
        null,
        null,
        0,
        null,
        null,
        0,
        0,
        0,
        0,
        null,
        0,
        0,
        0,
        null,
        0,
        null,
        0,
        0,
        null,
        0,
        null,
        0,
        0,
        null,
        null,
        null,
        null,
        null,
        0,
        0,
        0,
        null,
        null,
        null,
        1,
        null,
        0,
        0,
        null,
        0,
        0,
        0,
        null,
        null,
        0,
        null,
        null,
        null,
        null,
        1,
        null,
        0,
        null,
        0,
        null,
        null,
        null,
        null,
        null,
        null,
        null,
        null,
        null,
        0,
        null,
        null,
        0,
        null,
        null,
        null,
        1,
        null,
        0,
        null,
        0,
        null,
        0,
        null,
        0,
        0,
        null,
        null,
        0,
        0,
        null,
        0,
        null,
        null,
        0,
        0,
        null,
        0,
        null,
        null,
        null,
        null,
        null,
        1,
        null,
        0,
        0,
        null,
        0,
        0,
        null,
        null,
        0,
        null,
        null,
        null,
        1,
        null,
        0,
        0,
        null,
        null,
        null,
        null,
        1,
        null,
        0,
        null,
        0,
        null,
        null,
        0,
        null,
        null,
        null,
        0,
        null,
        0,
        null,
        null,
        null,
        null,
        null,
        null
      ],
      "C:/Users/Tanin/Documents/Ruby/flood/app/models/checked_instagram.rb": [
        1,
        1,
        1,
        null,
        1,
        null,
        null
      ],
      "C:/Users/Tanin/Documents/Ruby/flood/app/models/checked_twitter.rb": [
        1,
        1,
        1,
        null,
        1,
        null,
        null
      ],
      "C:/Users/Tanin/Documents/Ruby/flood/app/models/facebook_member.rb": [
        1,
        null,
        1,
        null,
        1,
        null,
        1,
        null,
        1,
        0,
        null,
        null,
        1,
        1,
        0,
        null,
        null,
        null
      ],
      "C:/Users/Tanin/Documents/Ruby/flood/app/models/member.rb": [
        1,
        1,
        1,
        1,
        null,
        1,
        1,
        null,
        1,
        1,
        1,
        null,
        1,
        null,
        1,
        0,
        null,
        0,
        null,
        null,
        null,
        1,
        0,
        null,
        null,
        null,
        1,
        null,
        0,
        null,
        null,
        0,
        0,
        null,
        null,
        0,
        0,
        null,
        null,
        0,
        null,
        null,
        null,
        null
      ],
      "C:/Users/Tanin/Documents/Ruby/flood/app/models/user.rb": [
        1,
        null,
        1,
        null,
        null,
        null,
        1,
        0,
        null,
        null,
        1,
        0,
        null,
        null,
        null
      ],
      "C:/Users/Tanin/Documents/Ruby/flood/lib/unique_identity.rb": [
        1,
        null,
        1,
        null,
        0,
        0,
        null,
        0,
        0,
        0,
        0,
        null,
        0,
        null,
        0,
        0,
        null,
        0,
        0,
        null,
        0,
        null,
        0,
        0,
        0,
        null,
        null,
        null,
        null,
        0,
        null,
        null,
        1,
        4,
        4,
        4,
        null,
        4,
        null,
        4,
        4,
        4,
        null,
        null,
        null,
        null
      ],
      "C:/Users/Tanin/Documents/Ruby/flood/lib/member_cookies.rb": [
        1,
        null,
        1,
        null,
        null,
        1,
        2,
        null,
        2,
        null,
        2,
        0,
        null,
        null,
        null,
        null,
        null,
        1,
        0,
        null,
        0,
        0,
        null,
        0,
        null,
        null,
        0,
        null,
        0,
        0,
        null,
        null,
        null,
        1,
        null,
        null,
        1,
        0,
        0,
        null,
        0,
        0,
        null,
        null,
        null,
        1,
        0,
        0,
        null,
        null,
        null,
        1,
        0,
        null,
        null,
        null,
        1,
        null,
        null,
        0,
        null,
        0,
        0,
        null,
        null,
        null,
        0,
        0,
        null,
        0,
        null,
        0,
        null,
        null,
        0,
        0,
        null,
        null,
        null,
        null,
        null,
        null
      ],
      "C:/Users/Tanin/Documents/Ruby/flood/app/models/flagged_post.rb": [
        1,
        1,
        null,
        1,
        null,
        1,
        null,
        0,
        null,
        0,
        null,
        null,
        null,
        null
      ],
      "C:/Users/Tanin/Documents/Ruby/flood/app/models/guest.rb": [
        1,
        null,
        1,
        0,
        null,
        null,
        1,
        0,
        null,
        null,
        1,
        0,
        null,
        null,
        1,
        0,
        null,
        null,
        null,
        1,
        0,
        null,
        null,
        null
      ],
      "C:/Users/Tanin/Documents/Ruby/flood/app/models/instagram_member.rb": [
        1,
        null,
        1,
        null,
        1,
        null,
        1,
        null,
        1,
        0,
        null,
        null,
        1,
        1,
        0,
        null,
        null,
        null
      ],
      "C:/Users/Tanin/Documents/Ruby/flood/app/models/post.rb": [
        1,
        1,
        1,
        1,
        null,
        1,
        1,
        1,
        null,
        1,
        1,
        1,
        null,
        1,
        null,
        1,
        1,
        1,
        1,
        1,
        null,
        1,
        null,
        1,
        1,
        null,
        1,
        1,
        1,
        1,
        null,
        1,
        null,
        1,
        null,
        1,
        1,
        1,
        1,
        null,
        1,
        1,
        1,
        1,
        null,
        1,
        1,
        null,
        0,
        null,
        0,
        0,
        0,
        null,
        null,
        null,
        null,
        null,
        1,
        null,
        0,
        null,
        null,
        null,
        1,
        0,
        0,
        0,
        0,
        null,
        0,
        null,
        null,
        null,
        null,
        1,
        null,
        null,
        0,
        null,
        null,
        null,
        1,
        0,
        null,
        null,
        1,
        0,
        null,
        null,
        1,
        1,
        0,
        0,
        0,
        null,
        0,
        0,
        null,
        null,
        null,
        null,
        1,
        null,
        0,
        null,
        0,
        0,
        0,
        null,
        0,
        0,
        null,
        null,
        null,
        null,
        1,
        null,
        0,
        0,
        null,
        0,
        null,
        null,
        null,
        null,
        1,
        0,
        0,
        null,
        null,
        null,
        1,
        null,
        0,
        null,
        0,
        null,
        0,
        0,
        null,
        0,
        0,
        null,
        0,
        null,
        null,
        null,
        null,
        null,
        null,
        null,
        1,
        null,
        0,
        0,
        0,
        null,
        0,
        null,
        0,
        null,
        0,
        0,
        null,
        null,
        0,
        null,
        0,
        null,
        0,
        null,
        null,
        null,
        0,
        null,
        null,
        0,
        null,
        0,
        0,
        null,
        null,
        null,
        null,
        null,
        1,
        0,
        null,
        0,
        0,
        null,
        null,
        0,
        0,
        null,
        0,
        0,
        null,
        0,
        null,
        null,
        0,
        null,
        null,
        null,
        null,
        null
      ],
      "C:/Users/Tanin/Documents/Ruby/flood/lib/agreeable.rb": [
        null,
        1,
        null,
        null,
        null,
        null,
        null,
        null,
        null,
        null,
        null,
        null,
        null,
        null,
        null,
        null,
        null,
        1,
        1,
        null,
        1,
        1,
        null,
        1,
        1,
        null,
        null,
        null,
        null,
        null,
        null,
        1,
        null,
        0,
        null,
        0,
        null,
        0,
        null,
        0,
        null,
        0,
        null,
        null,
        null,
        null,
        null,
        null,
        1,
        null,
        0,
        null,
        0,
        null,
        0,
        null,
        null,
        null,
        null,
        0,
        0,
        null,
        0,
        0,
        null,
        0,
        null,
        null,
        null,
        0,
        null,
        0,
        null,
        0,
        null,
        null,
        null,
        0,
        null,
        null,
        1,
        null,
        0,
        null,
        0,
        0,
        null,
        null,
        null,
        0,
        0,
        null,
        0,
        0,
        null,
        0,
        null,
        null,
        null,
        null,
        null,
        0,
        null,
        0,
        null,
        0,
        null,
        null,
        null,
        0,
        null,
        null,
        1,
        0,
        null,
        null,
        0,
        0,
        null,
        null,
        0,
        null,
        0,
        null,
        0,
        null,
        null,
        null,
        0,
        null,
        0,
        null,
        0,
        null,
        null,
        null,
        null,
        null,
        0,
        null,
        null,
        null,
        1,
        null,
        0,
        0,
        null,
        null,
        null,
        null,
        1,
        1,
        0,
        null,
        null,
        1,
        0,
        null,
        null,
        1,
        0,
        null,
        null,
        null
      ],
      "C:/Users/Tanin/Documents/Ruby/flood/app/models/post_group.rb": [
        1,
        1,
        1,
        null,
        1,
        1,
        1,
        1,
        1,
        1,
        1,
        null,
        1,
        null,
        null,
        null,
        null,
        1,
        null,
        null,
        null,
        null,
        null,
        1,
        null,
        1,
        null,
        null,
        1,
        1,
        1,
        1,
        null,
        1,
        0,
        null,
        null,
        1,
        null,
        0,
        null,
        null,
        null,
        0,
        null,
        null,
        null,
        1,
        0,
        0,
        0,
        null,
        0,
        0,
        null,
        0,
        null,
        0,
        null,
        null,
        null,
        null,
        1,
        0,
        null,
        null,
        null,
        1,
        null,
        0,
        null,
        0,
        null,
        0,
        null,
        0,
        0,
        null,
        null,
        null,
        null,
        0,
        0,
        0,
        0,
        0,
        0,
        null,
        0,
        null,
        0,
        null,
        null,
        null,
        null,
        1,
        null,
        1,
        1,
        0,
        null,
        null,
        null
      ],
      "C:/Users/Tanin/Documents/Ruby/flood/app/models/score_per_day.rb": [
        1,
        1,
        null,
        1,
        1,
        1,
        null,
        null,
        null,
        null,
        1,
        null,
        null,
        null,
        null,
        1,
        null,
        1,
        null,
        0,
        0,
        null,
        null,
        0,
        null,
        null,
        null,
        null,
        null,
        1,
        null,
        0,
        0,
        null,
        null,
        0,
        null,
        0,
        0,
        null,
        0,
        null,
        0,
        0,
        null,
        null,
        null,
        null,
        0,
        null,
        null,
        null,
        null
      ],
      "C:/Users/Tanin/Documents/Ruby/flood/app/models/twitter_member.rb": [
        1,
        null,
        1,
        null,
        1,
        null,
        1,
        null,
        null,
        1,
        0,
        null,
        null,
        null,
        1,
        1,
        0,
        null,
        null,
        null
      ],
      "C:/Users/Tanin/Documents/Ruby/flood/lib/thai_flood.rb": [
        null,
        1,
        1,
        1,
        1,
        1,
        null,
        1,
        null,
        1,
        null,
        1,
        null,
        null,
        1,
        1,
        null,
        1,
        0,
        null,
        1,
        null,
        null,
        1,
        null,
        0,
        null,
        0,
        null,
        0,
        null,
        0,
        null,
        0,
        null,
        0,
        null,
        0,
        null,
        0,
        null,
        0,
        0,
        0,
        null,
        0,
        null,
        null,
        0,
        null,
        null,
        null,
        0,
        null,
        null,
        null,
        0,
        null,
        null,
        0,
        0,
        null,
        0,
        null,
        null,
        null,
        null,
        null,
        null,
        null,
        null,
        1,
        0,
        null,
        null,
        null,
        1,
        0,
        0,
        0,
        0,
        null,
        null,
        null,
        null,
        null,
        1,
        null,
        0,
        0,
        null,
        0,
        0,
        0,
        null,
        null,
        0,
        null,
        0,
        null,
        null,
        null,
        null,
        1,
        null,
        0,
        null,
        null,
        null,
        null,
        null,
        null,
        null,
        null,
        null,
        null,
        null,
        null,
        null,
        null,
        null,
        null,
        null,
        null,
        null,
        null,
        null,
        null,
        null,
        null,
        null,
        null,
        null,
        null,
        null,
        null,
        null,
        null,
        null,
        null,
        null,
        null,
        null,
        null,
        0,
        0,
        null,
        null,
        null,
        null,
        null,
        null,
        1,
        0,
        0,
        0,
        null,
        null,
        0,
        null,
        null,
        1,
        null,
        0,
        0,
        0,
        null,
        0,
        null,
        null,
        null,
        0,
        null,
        null,
        null,
        null,
        null,
        1,
        null
      ],
      "C:/Users/Tanin/Documents/Ruby/flood/lib/thai_flood/thai_flood_reporter.rb": [
        null,
        null,
        1,
        null,
        1,
        null,
        1,
        null,
        1,
        null,
        1,
        null,
        1,
        null,
        0,
        null,
        null,
        null,
        null,
        null,
        null,
        0,
        0,
        0,
        null,
        null,
        0,
        0,
        null,
        null,
        null,
        null,
        1,
        0,
        null,
        0,
        0,
        null,
        0,
        null,
        null,
        0,
        null,
        null,
        null,
        1,
        null,
        0,
        0,
        null,
        0,
        0,
        0,
        0,
        null,
        0,
        null,
        0,
        null,
        null,
        0,
        null,
        0,
        0,
        null,
        null,
        null,
        0,
        null,
        null,
        null,
        0,
        null,
        null,
        null,
        null,
        null,
        null,
        0,
        null,
        null,
        null,
        0,
        null,
        null,
        null,
        1,
        null,
        0,
        null,
        0,
        null,
        0,
        0,
        null,
        0,
        null,
        null,
        null,
        null,
        null,
        1,
        null,
        0,
        null,
        0,
        null,
        0,
        null,
        null,
        null,
        null,
        1,
        null,
        0,
        0,
        0,
        0,
        null,
        null,
        0,
        null,
        null,
        null,
        null,
        null,
        null,
        null,
        null
      ],
      "C:/Users/Tanin/Documents/Ruby/flood/lib/thai_flood/abstract.rb": [
        1,
        null,
        1,
        1,
        null,
        1,
        0,
        null,
        null,
        1,
        0,
        null,
        null,
        1,
        0,
        null,
        null,
        null,
        null,
        null
      ],
      "C:/Users/Tanin/Documents/Ruby/flood/lib/thai_flood/instagram.rb": [
        null,
        null,
        1,
        null,
        1,
        null,
        1,
        null,
        1,
        null,
        1,
        null,
        1,
        null,
        0,
        null,
        null,
        null,
        0,
        0,
        null,
        null,
        null,
        null,
        1,
        null,
        null,
        0,
        null,
        null,
        null,
        0,
        0,
        null,
        0,
        0,
        null,
        null,
        0,
        null,
        null,
        null,
        null,
        1,
        null,
        0,
        0,
        0,
        0,
        0,
        0,
        null,
        0,
        null,
        0,
        null,
        0,
        null,
        null,
        null,
        0,
        null,
        0,
        0,
        null,
        null,
        null,
        null,
        0,
        null,
        null,
        0,
        null,
        null,
        null,
        null,
        null,
        null,
        null,
        null,
        null,
        0,
        null,
        null,
        null,
        null,
        null,
        null,
        null,
        null,
        null,
        null,
        null,
        null
      ],
      "C:/Users/Tanin/Documents/Ruby/flood/lib/thai_flood/gamling_flood.rb": [
        null,
        1,
        1,
        null,
        1,
        null,
        1,
        null,
        1,
        null,
        1,
        null,
        1,
        null,
        1,
        1,
        null,
        null,
        null,
        1,
        null,
        1,
        null,
        1,
        null,
        null,
        null,
        null,
        null,
        1,
        null,
        null,
        1,
        null,
        108468,
        108468,
        null,
        108468,
        null,
        108468,
        null,
        108468,
        null,
        null,
        null,
        0,
        null,
        0,
        null,
        null,
        null,
        null,
        1,
        null,
        0,
        0,
        null,
        0,
        null,
        0,
        null,
        0,
        0,
        0,
        null,
        0,
        null,
        0,
        0,
        null,
        0,
        0,
        null,
        null,
        null,
        null,
        null,
        0,
        null,
        0,
        null,
        null,
        0,
        null,
        0,
        0,
        null,
        null,
        null,
        0,
        null,
        null,
        null,
        null,
        null,
        null,
        null,
        null,
        null,
        null,
        null,
        0,
        null,
        null,
        null,
        null,
        null,
        null,
        null,
        1,
        1,
        0,
        0,
        null,
        null,
        1,
        0,
        null,
        null,
        null,
        null,
        null,
        0,
        null,
        null,
        null,
        0,
        null,
        0,
        null,
        null,
        1,
        108468,
        108468,
        542339,
        433871,
        null,
        null,
        108468,
        null,
        null,
        null,
        null,
        null,
        null,
        null
      ]
    },
    "timestamp": 1320941907
  },
  "magazine_slave_provider.rb 1 C:/Users/Tanin/Documents/Ruby/flood RSpec": {
    "coverage": {
      "C:/Users/Tanin/Documents/Ruby/flood/vendor/plugins/thumbnailism/config.rb": [
        1
      ],
      "C:/Users/Tanin/Documents/Ruby/flood/vendor/plugins/thumbnailism/mongodb/db_migration.rb": [

      ],
      "C:/Users/Tanin/Documents/Ruby/flood/vendor/plugins/thumbnailism/mongodb/temporary_file.rb": [
        1,
        1,
        1,
        null,
        1,
        1,
        null,
        null
      ],
      "C:/Users/Tanin/Documents/Ruby/flood/vendor/plugins/thumbnailism/lib/thumbnailism_helper.rb": [
        1,
        null,
        1,
        null,
        null,
        null,
        null,
        null,
        1,
        null,
        0,
        0,
        null,
        0,
        null,
        0,
        0,
        0,
        null,
        0,
        null,
        0,
        null,
        0,
        null,
        0,
        0,
        null,
        0,
        null,
        null,
        null,
        1,
        null,
        0,
        null,
        0,
        null,
        0,
        0,
        null,
        0,
        0,
        0,
        0,
        0,
        null,
        null,
        null,
        null,
        null
      ],
      "C:/Users/Tanin/Documents/Ruby/flood/vendor/plugins/thumbnailism/lib/mini_magick.rb": [
        1,
        1,
        1,
        null,
        1,
        null,
        1,
        1,
        null,
        1,
        null,
        1,
        1,
        1,
        1,
        null,
        null,
        null,
        1,
        1,
        null,
        0,
        0,
        0,
        0,
        0,
        null,
        null,
        null,
        0,
        null,
        null,
        0,
        null,
        null,
        null,
        1,
        0,
        0,
        null,
        null,
        null,
        1,
        0,
        null,
        null,
        1,
        1,
        null,
        0,
        0,
        0,
        null,
        0,
        null,
        0,
        null,
        0,
        null,
        0,
        null,
        0,
        0,
        null,
        null,
        0,
        null,
        null,
        null,
        null,
        null,
        null,
        1,
        0,
        0,
        null,
        null,
        0,
        null,
        null,
        null,
        1,
        null,
        0,
        null,
        0,
        null,
        0,
        null,
        0,
        null,
        null,
        0,
        null,
        0,
        null,
        0,
        null,
        null,
        null,
        null,
        1,
        0,
        0,
        null,
        0,
        null,
        null,
        null,
        1,
        0,
        0,
        null,
        null,
        null,
        1,
        0,
        null,
        null,
        1,
        0,
        null,
        null,
        1,
        0,
        0,
        0,
        0,
        null,
        null,
        null,
        null,
        1,
        0,
        0,
        0,
        null,
        null,
        null,
        1,
        0,
        0,
        0,
        null,
        null,
        null,
        1,
        0,
        null,
        null,
        null,
        1,
        0,
        null,
        null,
        1,
        0,
        0,
        0,
        0,
        null,
        null,
        0,
        null,
        0,
        0,
        null,
        0,
        null,
        null,
        null,
        null,
        1,
        1,
        null,
        1,
        0,
        null,
        null,
        1,
        0,
        0,
        null,
        null,
        1,
        0,
        null,
        null,
        null
      ],
      "C:/Users/Tanin/Documents/Ruby/flood/vendor/plugins/thumbnailism/lib/image_temp_file.rb": [
        1,
        null,
        1,
        1,
        null,
        null,
        null
      ],
      "C:/Users/Tanin/Documents/Ruby/flood/vendor/plugins/thumbnailism/lib/thumbnailism_helper/unique_identity.rb": [
        1,
        null,
        1,
        null,
        1,
        0,
        0,
        null,
        0,
        0,
        0,
        0,
        null,
        0,
        null,
        0,
        0,
        null,
        0,
        0,
        null,
        0,
        null,
        0,
        0,
        null,
        null,
        null,
        null,
        0,
        null,
        null,
        1,
        1,
        1,
        1,
        null,
        1,
        null,
        1,
        1,
        1,
        null,
        null,
        null,
        null,
        null,
        null,
        null
      ],
      "C:/Users/Tanin/Documents/Ruby/flood/vendor/plugins/thumbnailism/lib/mini_magick_init.rb": [
        1,
        1
      ],
      "C:/Users/Tanin/Documents/Ruby/flood/vendor/plugins/thumbnailism/lib/temporary_file_controller.rb": [
        1,
        null,
        1,
        0,
        0,
        null,
        0,
        null,
        null,
        null,
        0,
        0,
        0,
        null,
        null,
        0,
        0,
        0,
        null,
        null,
        0,
        null,
        0,
        null,
        0,
        0,
        null,
        null,
        null,
        null,
        null,
        0,
        0,
        null,
        null,
        null,
        0,
        null,
        null,
        null,
        null,
        null,
        0,
        0,
        null,
        null,
        null,
        null,
        0,
        null,
        0,
        null,
        null,
        null,
        null,
        null,
        0,
        null,
        0,
        0,
        null,
        null,
        null,
        0,
        null,
        0,
        0,
        null,
        null,
        null,
        null,
        null,
        null
      ]
    },
    "timestamp": 1321021290
  }
}
